<?xml version="1.0" encoding="UTF-8"?>
<!-- Generated by org.testng.reporters.JUnitReportReporter -->
<testsuite hostname="Siddhant" failures="0" tests="2" name="TestPackage.UserTestCase" time="17.069" errors="0" timestamp="2023-08-08T01:03:55 IST" skipped="0">
  <testcase classname="TestPackage.UserTestCase" name="createUserManager" time="8.592"/>
  <testcase classname="TestPackage.UserTestCase" name="createUserByManager" time="8.477"/>
</testsuite> <!-- TestPackage.UserTestCase -->
