<?xml version="1.0" encoding="UTF-8"?>
<!-- Generated by org.testng.reporters.JUnitReportReporter -->
<testsuite hostname="Siddhant" failures="0" tests="1" name="TestPackage.TaskAssignTestCase" time="18.918" errors="0" timestamp="2023-08-06T17:34:17 IST" skipped="0">
  <testcase classname="TestPackage.TaskAssignTestCase" name="assignTasks" time="18.918"/>
</testsuite> <!-- TestPackage.TaskAssignTestCase -->
