<?xml version="1.0" encoding="UTF-8"?>
<!-- Generated by org.testng.reporters.JUnitReportReporter -->
<testsuite hostname="Siddhant" failures="0" tests="1" name="TestPackage.ProjectCustomer" time="16.842" errors="0" timestamp="2023-08-01T20:38:07 IST" skipped="0">
  <testcase classname="TestPackage.ProjectCustomer" name="createCustomerAndProject" time="16.842"/>
</testsuite> <!-- TestPackage.ProjectCustomer -->
