<?xml version="1.0" encoding="UTF-8"?>
<!-- Generated by org.testng.reporters.JUnitReportReporter -->
<testsuite hostname="Siddhant" failures="0" tests="1" name="TestPackage.ProjectCustomerTestCase" time="9.731" errors="0" timestamp="2023-08-08T01:03:55 IST" skipped="0">
  <testcase classname="TestPackage.ProjectCustomerTestCase" name="createCustomerAndProject" time="9.731"/>
</testsuite> <!-- TestPackage.ProjectCustomerTestCase -->
