<?xml version="1.0" encoding="UTF-8"?>
<!-- Generated by org.testng.reporters.JUnitReportReporter -->
<testsuite hostname="Siddhant" failures="0" tests="1" name="TestPackage.TasksTestCase" time="39.063" errors="0" timestamp="2023-08-08T01:03:55 IST" skipped="0">
  <testcase classname="TestPackage.TasksTestCase" name="taskFlow" time="39.063"/>
</testsuite> <!-- TestPackage.TasksTestCase -->
