<?xml version="1.0" encoding="UTF-8"?>
<!-- Generated by org.testng.reporters.JUnitReportReporter -->
<testsuite hostname="Siddhant" failures="0" tests="2" name="TestPackage.ValidLoginTestCase" time="18.818" errors="0" timestamp="2023-08-08T01:03:55 IST" skipped="0">
  <testcase classname="TestPackage.ValidLoginTestCase" name="validLogin" time="7.238"/>
  <testcase classname="TestPackage.ValidLoginTestCase" name="invalidLogin" time="11.580"/>
</testsuite> <!-- TestPackage.ValidLoginTestCase -->
