<?xml version="1.0" encoding="UTF-8"?>
<!-- Generated by org.testng.reporters.JUnitReportReporter -->
<testsuite hostname="Siddhant" failures="0" tests="2" name="testNG2.TestMethod1" time="0.051" errors="0" timestamp="2023-07-18T15:16:54 IST" skipped="0">
  <testcase classname="testNG2.TestMethod1" name="testMethod1" time="0.045">
    <system-out>
      <![CDATA[Thread ID of testMethod1 :23]]>
    </system-out>
  </testcase> <!-- testMethod1 -->
  <testcase classname="testNG2.TestMethod1" name="testMethod2" time="0.006">
    <system-out>
      <![CDATA[Thread ID of testMethod2 :22]]>
    </system-out>
  </testcase> <!-- testMethod2 -->
  <system-out>
    <![CDATA[Thread ID of testMethod6 :20
Thread ID of testMethod1 :23
Thread ID of testMethod3 :21
Thread ID of testMethod4 :22
Thread ID of testMethod2 :22
Thread ID of testMethod5 :19]]>
  </system-out>
</testsuite> <!-- testNG2.TestMethod1 -->
