<?xml version="1.0" encoding="UTF-8"?>
<!-- Generated by org.testng.reporters.JUnitReportReporter -->
<testsuite hostname="Siddhant" failures="0" tests="1" name="testNG.Sumo" time="0.015" errors="0" timestamp="2023-07-17T14:38:37 IST" skipped="0">
  <testcase classname="testNG.Sumo" name="h" time="0.015"/>
</testsuite> <!-- testNG.Sumo -->
