<?xml version="1.0" encoding="UTF-8"?>
<!-- Generated by org.testng.reporters.JUnitReportReporter -->
<testsuite hostname="Siddhant" failures="0" tests="5" name="testNG2.ActiTimeDataProvider" time="66.206" errors="0" timestamp="2023-07-27T15:13:55 IST" skipped="0">
  <testcase classname="testNG2.ActiTimeDataProvider" name="invalidLoginMethod" time="8.004"/>
  <testcase classname="testNG2.ActiTimeDataProvider" name="invalidLoginMethod" time="32.002"/>
  <testcase classname="testNG2.ActiTimeDataProvider" name="invalidLoginMethod" time="9.777"/>
  <testcase classname="testNG2.ActiTimeDataProvider" name="invalidLoginMethod" time="7.983"/>
  <testcase classname="testNG2.ActiTimeDataProvider" name="invalidLoginMethod" time="8.440"/>
</testsuite> <!-- testNG2.ActiTimeDataProvider -->
