<?xml version="1.0" encoding="UTF-8"?>
<!-- Generated by org.testng.reporters.JUnitReportReporter -->
<testsuite hostname="Siddhant" failures="0" tests="5" name="testNG2.Flag2" time="0.037" errors="0" timestamp="2023-07-24T14:12:00 IST" skipped="0">
  <testcase classname="testNG2.Flag2" name="method1" time="0.006"/>
  <testcase classname="testNG2.Flag2" name="method1" time="0.004"/>
  <testcase classname="testNG2.Flag2" name="method1" time="0.003"/>
  <testcase classname="testNG2.Flag2" name="method1" time="0.018"/>
  <testcase classname="testNG2.Flag2" name="method1" time="0.006"/>
</testsuite> <!-- testNG2.Flag2 -->
