<?xml version="1.0" encoding="UTF-8"?>
<!-- Generated by org.testng.reporters.JUnitReportReporter -->
<testsuite hostname="Siddhant" failures="0" tests="1" name="testNG2.Demo3" time="45.737" errors="0" timestamp="2023-07-18T14:17:16 IST" skipped="0">
  <testcase classname="testNG2.Demo3" name="method3" time="45.737"/>
</testsuite> <!-- testNG2.Demo3 -->
