<?xml version="1.0" encoding="UTF-8"?>
<!-- Generated by org.testng.reporters.JUnitReportReporter -->
<testsuite hostname="Siddhant" failures="0" tests="1" name="testNG2.Flag1" time="0.020" errors="0" timestamp="2023-07-24T14:10:13 IST" skipped="0">
  <testcase classname="testNG2.Flag1" name="method1" time="0.020"/>
</testsuite> <!-- testNG2.Flag1 -->
