<?xml version="1.0" encoding="UTF-8"?>
<!-- Generated by org.testng.reporters.JUnitReportReporter -->
<testsuite hostname="Siddhant" failures="0" tests="1" name="testNG2.Demo1" time="41.338" errors="0" timestamp="2023-07-18T14:17:16 IST" skipped="0">
  <testcase classname="testNG2.Demo1" name="method1" time="41.338"/>
</testsuite> <!-- testNG2.Demo1 -->
