<?xml version="1.0" encoding="UTF-8"?>
<!-- Generated by org.testng.reporters.JUnitReportReporter -->
<testsuite hostname="Siddhant" failures="0" tests="1" name="testNG.Demo" time="0.005" errors="0" timestamp="2023-07-17T14:38:37 IST" skipped="0">
  <testcase classname="testNG.Demo" name="f" time="0.005"/>
</testsuite> <!-- testNG.Demo -->
