<?xml version="1.0" encoding="UTF-8"?>
<!-- Generated by org.testng.reporters.JUnitReportReporter -->
<testsuite hostname="Siddhant" failures="0" tests="3" name="Annotations.GoogleSearchTestCase" time="28.130" errors="0" timestamp="2023-07-20T15:00:22 IST" skipped="0">
  <testcase classname="Annotations.GoogleSearchTestCase" name="search2" time="10.979"/>
  <testcase classname="Annotations.GoogleSearchTestCase" name="search1" time="7.513"/>
  <testcase classname="Annotations.GoogleSearchTestCase" name="search3" time="9.638"/>
</testsuite> <!-- Annotations.GoogleSearchTestCase -->
