<?xml version="1.0" encoding="UTF-8"?>
<!-- Generated by org.testng.reporters.JUnitReportReporter -->
<testsuite hostname="Siddhant" failures="0" tests="1" name="testNG2.Demo2" time="43.136" errors="0" timestamp="2023-07-18T14:17:16 IST" skipped="0">
  <testcase classname="testNG2.Demo2" name="method2" time="43.136"/>
</testsuite> <!-- testNG2.Demo2 -->
